<?xml version="1.0" encoding="UTF-8"?>
<!-- Generated by org.testng.reporters.JUnitReportReporter -->
<testsuite hostname="PF001TBG-THINK" name="multibrowser.gmailMultiBrowser" tests="3" failures="0" timestamp="12 Aug 2014 18:19:26 GMT" time="66.843" errors="0">
  <testcase name="gmailMulti" time="15.017" classname="multibrowser.gmailMultiBrowser"/>
  <testcase name="gmailMulti" time="29.290" classname="multibrowser.gmailMultiBrowser"/>
  <testcase name="gmailMulti" time="22.536" classname="multibrowser.gmailMultiBrowser"/>
</testsuite>
