<?xml version="1.0" encoding="UTF-8"?>
<!-- Generated by org.testng.reporters.JUnitReportReporter -->
<testsuite hostname="PF001TBG-THINK" name="googleTest.googledemo.AppTest" tests="1" failures="0" timestamp="5 Aug 2014 18:35:53 GMT" time="27.082" errors="0">
  <testcase name="googleLaunch" time="27.082" classname="googleTest.googledemo.AppTest"/>
</testsuite> <!-- googleTest.googledemo.AppTest -->
