<?xml version="1.0" encoding="UTF-8"?>
<!-- Generated by org.testng.reporters.JUnitReportReporter -->
<testsuite hostname="PF001TBG-THINK" name="multibrowser.MultiBrowserTest" tests="3" failures="0" timestamp="12 Aug 2014 18:19:26 GMT" time="49.231" errors="0">
  <testcase name="googleLaunch" time="18.927" classname="multibrowser.MultiBrowserTest"/>
  <testcase name="googleLaunch" time="15.890" classname="multibrowser.MultiBrowserTest"/>
  <testcase name="googleLaunch" time="14.414" classname="multibrowser.MultiBrowserTest"/>
</testsuite>
