<?xml version="1.0" encoding="UTF-8"?>
<testsuite name="TestSuite" time="6.211" tests="9" errors="0" skipped="0" failures="8">
  <properties>
    <property name="java.runtime.name" value="Java(TM) SE Runtime Environment"/>
    <property name="sun.boot.library.path" value="C:\Program Files\Java\jdk1.8.0_05\jre\bin"/>
    <property name="java.vm.version" value="25.5-b02"/>
    <property name="java.vm.vendor" value="Oracle Corporation"/>
    <property name="java.vendor.url" value="http://java.oracle.com/"/>
    <property name="path.separator" value=";"/>
    <property name="guice.disable.misplaced.annotation.check" value="true"/>
    <property name="java.vm.name" value="Java HotSpot(TM) 64-Bit Server VM"/>
    <property name="file.encoding.pkg" value="sun.io"/>
    <property name="user.script" value=""/>
    <property name="user.country" value="US"/>
    <property name="sun.java.launcher" value="SUN_STANDARD"/>
    <property name="sun.os.patch.level" value="Service Pack 1"/>
    <property name="java.vm.specification.name" value="Java Virtual Machine Specification"/>
    <property name="user.dir" value="C:\Users\PF001TBG\workspace\googleslave"/>
    <property name="java.runtime.version" value="1.8.0_05-b13"/>
    <property name="java.awt.graphicsenv" value="sun.awt.Win32GraphicsEnvironment"/>
    <property name="java.endorsed.dirs" value="C:\Program Files\Java\jdk1.8.0_05\jre\lib\endorsed"/>
    <property name="os.arch" value="amd64"/>
    <property name="java.io.tmpdir" value="C:\Users\PF001TBG\AppData\Local\Temp\"/>
    <property name="line.separator" value="&#10;"/>
    <property name="java.vm.specification.vendor" value="Oracle Corporation"/>
    <property name="user.variant" value=""/>
    <property name="os.name" value="Windows 7"/>
    <property name="classworlds.conf" value="C:\Users\PF001TBG\workspace\.metadata\.plugins\org.eclipse.m2e.launching\launches\m2conf80002696311579315.tmp"/>
    <property name="sun.jnu.encoding" value="Cp1252"/>
    <property name="java.library.path" value="C:\Program Files\Java\jdk1.8.0_05\bin;C:\Windows\Sun\Java\bin;C:\Windows\system32;C:\Windows;C:\Program Files (x86)\Intel\iCLS Client\;C:\Program Files\Intel\iCLS Client\;C:\Windows\system32;C:\Windows;C:\Windows\System32\Wbem;C:\Windows\System32\WindowsPowerShell\v1.0\;C:\Program Files\Intel\Intel(R) Management Engine Components\DAL;C:\Program Files\Intel\Intel(R) Management Engine Components\IPT;C:\Program Files (x86)\Intel\Intel(R) Management Engine Components\DAL;C:\Program Files (x86)\Intel\Intel(R) Management Engine Components\IPT;C:\Program Files\Intel\WiFi\bin\;C:\Program Files\Common Files\Intel\WirelessCommon\;C:\Program Files (x86)\Intel\OpenCL SDK\3.0\bin\x86;C:\Program Files (x86)\Intel\OpenCL SDK\3.0\bin\x64;C:\Program Files\Lenovo\Fingerprint Manager Pro\;C:\Program Files\Condusiv Technologies\ExpressCache\;C:\Program Files (x86)\Common Files\Lenovo;C:\SWTOOLS\ReadyApps;C:\Python34;C:\Program Files\Java\jdk1.8.0_05\bin;C:\Program Files\nodejs\;C:\Program Files (x86)\Git\bin;C:\Work\Downloads\apache-ant-1.9.4\bin;C:\Work\Downloads\maven\apache-maven-3.2.2-bin\apache-maven-3.2.2\bin;%CLASSPATH%;C:\Work\TestNgJars\testng-6.8.jar;C:\AndroidSdk\build-tools\19.0.1;C:\AndroidSdk\platform-tools;C:\AndroidSdk\tools;."/>
    <property name="java.specification.name" value="Java Platform API Specification"/>
    <property name="java.class.version" value="52.0"/>
    <property name="sun.management.compiler" value="HotSpot 64-Bit Tiered Compilers"/>
    <property name="os.version" value="6.1"/>
    <property name="user.home" value="C:\Users\PF001TBG"/>
    <property name="user.timezone" value="America/Los_Angeles"/>
    <property name="java.awt.printerjob" value="sun.awt.windows.WPrinterJob"/>
    <property name="java.specification.version" value="1.8"/>
    <property name="file.encoding" value="Cp1252"/>
    <property name="user.name" value="PF001TBG"/>
    <property name="java.class.path" value="/C:/Users/PF001TBG/Desktop/eclipse-SDK-4-2-1-win32-x86_64/eclipse/configuration/org.eclipse.osgi/bundles/264/1/.cp/jars/plexus-classworlds-2.4.jar"/>
    <property name="java.vm.specification.version" value="1.8"/>
    <property name="sun.arch.data.model" value="64"/>
    <property name="java.home" value="C:\Program Files\Java\jdk1.8.0_05\jre"/>
    <property name="sun.java.command" value="org.codehaus.plexus.classworlds.launcher.Launcher -B test"/>
    <property name="java.specification.vendor" value="Oracle Corporation"/>
    <property name="user.language" value="en"/>
    <property name="awt.toolkit" value="sun.awt.windows.WToolkit"/>
    <property name="java.vm.info" value="mixed mode"/>
    <property name="java.version" value="1.8.0_05"/>
    <property name="java.ext.dirs" value="C:\Program Files\Java\jdk1.8.0_05\jre\lib\ext;C:\Windows\Sun\Java\lib\ext"/>
    <property name="sun.boot.class.path" value="C:\Program Files\Java\jdk1.8.0_05\jre\lib\resources.jar;C:\Program Files\Java\jdk1.8.0_05\jre\lib\rt.jar;C:\Program Files\Java\jdk1.8.0_05\jre\lib\sunrsasign.jar;C:\Program Files\Java\jdk1.8.0_05\jre\lib\jsse.jar;C:\Program Files\Java\jdk1.8.0_05\jre\lib\jce.jar;C:\Program Files\Java\jdk1.8.0_05\jre\lib\charsets.jar;C:\Program Files\Java\jdk1.8.0_05\jre\lib\jfr.jar;C:\Program Files\Java\jdk1.8.0_05\jre\classes"/>
    <property name="java.vendor" value="Oracle Corporation"/>
    <property name="maven.home" value="C:\Users\PF001TBG\workspace\googleslave\EMBEDDED"/>
    <property name="file.separator" value="\"/>
    <property name="java.vendor.url.bug" value="http://bugreport.sun.com/bugreport/"/>
    <property name="maven.bootclasspath" value="/C:/Users/PF001TBG/Desktop/eclipse-SDK-4-2-1-win32-x86_64/eclipse/configuration/org.eclipse.osgi/bundles/264/1/.cp/jars/plexus-classworlds-2.4.jar"/>
    <property name="sun.cpu.endian" value="little"/>
    <property name="sun.io.unicode.encoding" value="UnicodeLittle"/>
    <property name="sun.desktop" value="windows"/>
    <property name="sun.cpu.isalist" value="amd64"/>
  </properties>
  <testcase name="googleLaunch" classname="multibrowser.MultiBrowserTest" time="6.185"/>
  <testcase name="assertion2" classname="multibrowser.MultiBrowserTest" time="0.017">
    <failure message="Assert.fail2" type="java.lang.AssertionError">java.lang.AssertionError: Assert.fail2
	at org.testng.Assert.fail(Assert.java:94)
	at multibrowser.MultiBrowserTest.assertion2(MultiBrowserTest.java:60)
</failure>
    <system-out><![CDATA[In failed test2
]]></system-out>
  </testcase>
  <testcase name="assertion2" classname="multibrowser.MultiBrowserTest" time="0.001">
    <failure message="Assert.fail2" type="java.lang.AssertionError">java.lang.AssertionError: Assert.fail2
	at org.testng.Assert.fail(Assert.java:94)
	at multibrowser.MultiBrowserTest.assertion2(MultiBrowserTest.java:60)
</failure>
    <system-out><![CDATA[2014-08-18 19:40:18,899  INFO [main] RetryAnalyzer:24 - Retrying assertion2 with status 2 for the 1 of 3 times.
 In failed test2
]]></system-out>
  </testcase>
  <testcase name="assertion2" classname="multibrowser.MultiBrowserTest" time="0.001">
    <failure message="Assert.fail2" type="java.lang.AssertionError">java.lang.AssertionError: Assert.fail2
	at org.testng.Assert.fail(Assert.java:94)
	at multibrowser.MultiBrowserTest.assertion2(MultiBrowserTest.java:60)
</failure>
    <system-out><![CDATA[2014-08-18 19:40:18,908  INFO [main] RetryAnalyzer:24 - Retrying assertion2 with status 2 for the 2 of 3 times.
 In failed test2
]]></system-out>
  </testcase>
  <testcase name="assertion2" classname="multibrowser.MultiBrowserTest" time="0.002">
    <failure message="Assert.fail2" type="java.lang.AssertionError">java.lang.AssertionError: Assert.fail2
	at org.testng.Assert.fail(Assert.java:94)
	at multibrowser.MultiBrowserTest.assertion2(MultiBrowserTest.java:60)
</failure>
    <system-out><![CDATA[2014-08-18 19:40:18,910  INFO [main] RetryAnalyzer:24 - Retrying assertion2 with status 2 for the 3 of 3 times.
 In failed test2
2014-08-18 19:40:18,912 ERROR [main] RetryTestListener:43 - Number of retries expired.
 ]]></system-out>
  </testcase>
  <testcase name="assertion3" classname="multibrowser.MultiBrowserTest" time="0">
    <failure message="Assert.fail3" type="java.lang.AssertionError">java.lang.AssertionError: Assert.fail3
	at org.testng.Assert.fail(Assert.java:94)
	at multibrowser.MultiBrowserTest.assertion3(MultiBrowserTest.java:67)
</failure>
    <system-out><![CDATA[In failed test3
]]></system-out>
  </testcase>
  <testcase name="assertion3" classname="multibrowser.MultiBrowserTest" time="0.002">
    <failure message="Assert.fail3" type="java.lang.AssertionError">java.lang.AssertionError: Assert.fail3
	at org.testng.Assert.fail(Assert.java:94)
	at multibrowser.MultiBrowserTest.assertion3(MultiBrowserTest.java:67)
</failure>
    <system-out><![CDATA[2014-08-18 19:40:18,915  INFO [main] RetryAnalyzer:24 - Retrying assertion3 with status 2 for the 1 of 3 times.
 In failed test3
]]></system-out>
  </testcase>
  <testcase name="assertion3" classname="multibrowser.MultiBrowserTest" time="0">
    <failure message="Assert.fail3" type="java.lang.AssertionError">java.lang.AssertionError: Assert.fail3
	at org.testng.Assert.fail(Assert.java:94)
	at multibrowser.MultiBrowserTest.assertion3(MultiBrowserTest.java:67)
</failure>
    <system-out><![CDATA[2014-08-18 19:40:18,917  INFO [main] RetryAnalyzer:24 - Retrying assertion3 with status 2 for the 2 of 3 times.
 In failed test3
]]></system-out>
  </testcase>
  <testcase name="assertion3" classname="multibrowser.MultiBrowserTest" time="0.003">
    <failure message="Assert.fail3" type="java.lang.AssertionError">java.lang.AssertionError: Assert.fail3
	at org.testng.Assert.fail(Assert.java:94)
	at multibrowser.MultiBrowserTest.assertion3(MultiBrowserTest.java:67)
</failure>
    <system-out><![CDATA[2014-08-18 19:40:18,919  INFO [main] RetryAnalyzer:24 - Retrying assertion3 with status 2 for the 3 of 3 times.
 In failed test3
2014-08-18 19:40:18,921 ERROR [main] RetryTestListener:43 - Number of retries expired.
 ]]></system-out>
  </testcase>
</testsuite>