<?xml version="1.0" encoding="UTF-8"?>
<!-- Generated by org.testng.reporters.JUnitReportReporter -->
<testsuite hostname="PF001TBG-THINK" name="multibrowser.MultiBrowserTest" tests="1" failures="0" timestamp="13 Aug 2014 21:10:52 GMT" time="15.317" errors="0">
  <testcase name="googleLaunch" time="15.317" classname="multibrowser.MultiBrowserTest"/>
</testsuite>
